[2024-04-17 13:37:19,730] 26 root - INFO - Data Ingestion methods Starts
[2024-04-17 13:37:27,083] 29 root - INFO - Dataset read as pandas Dataframe
[2024-04-17 13:38:54,397] 69 root - INFO - Train test split
[2024-04-17 13:39:18,405] 75 root - INFO - Ingestion of Data is completed
[2024-04-17 13:39:18,421] 76 root - INFO - Dataframe Head : 
      Unnamed: 0 trans_date_trans_time       cc_num                     merchant       category    amt first  last gender            street           city state    zip      lat      long  city_pop                          job        dob                         trans_num   unix_time  merch_lat  merch_long  is_fraud  hour  day  month  age  distance_km  hours_diff_bet_trans  cc_freq  cc_freq_class
1017        1017   2019-01-01 12:47:15  60416207185  Jones, Sawayn and Romaguera       misc_net   7.27  Mary  Diaz      F  9886 Anita Drive  Fort Washakie    WY  82514  43.0048 -108.8964      1645  Information systems manager 1986-02-17  98e3dcf98101146a577f85a34e58feec  1325422035  43.974711 -109.741904         0    12    1      1   33       127.61                     0     1518              2
2724        2724   2019-01-02 08:44:57  60416207185                    Berge LLC  gas_transport  52.94  Mary  Diaz      F  9886 Anita Drive  Fort Washakie    WY  82514  43.0048 -108.8964      1645  Information systems manager 1986-02-17  498120fc45d277f7c88e3dba79c33865  1325493897  42.018766 -109.044172         0     8    2      1   33       110.31                    19     1518              2
2726        2726   2019-01-02 08:47:36  60416207185                 Luettgen PLC  gas_transport  82.08  Mary  Diaz      F  9886 Anita Drive  Fort Washakie    WY  82514  43.0048 -108.8964      1645  Information systems manager 1986-02-17  95f514bb993151347c7acdf8505c3d62  1325494056  42.961335 -109.157564         0     8    2      1   33        21.79                     0     1518              2
2882        2882   2019-01-02 12:38:14  60416207185                Daugherty LLC      kids_pets  34.79  Mary  Diaz      F  9886 Anita Drive  Fort Washakie    WY  82514  43.0048 -108.8964      1645  Information systems manager 1986-02-17  4f0c1a14e0aa7eb56a490780ef9268c5  1325507894  42.228227 -108.747683         0    12    2      1   33        87.20                     3     1518              2
2907        2907   2019-01-02 13:10:46  60416207185               Beier and Sons           home  27.18  Mary  Diaz      F  9886 Anita Drive  Fort Washakie    WY  82514  43.0048 -108.8964      1645  Information systems manager 1986-02-17  3b2ebd3af508afba959640893e1e82bc  1325509846  43.321745 -108.091143         0    13    2      1   33        74.21                     0     1518              2
[2024-04-17 13:39:24,923] 72 root - INFO - Read train and test data completed
[2024-04-17 13:39:24,939] 73 root - INFO - Train Dataframe Head : 
   Unnamed: 0 trans_date_trans_time            cc_num                           merchant       category     amt   first        last gender                       street               city state    zip      lat     long  city_pop                                 job         dob                         trans_num   unix_time  merch_lat  merch_long  is_fraud  hour  day  month  age  distance_km  hours_diff_bet_trans  cc_freq  cc_freq_class
0      613769   2019-09-17 17:30:29  4710792708725663           Hoppe, Harris and Bednar  entertainment   13.75  Justin        Bell      M               954 Green Wall         Churubusco    IN  46723  41.2290 -85.3244      7692       Research officer, trade union  1986-12-13  eb1f7a3ca8c2e3bc85d767eec8c9ea1d  1347903029  41.700751  -86.209166         0    17    1      9   33        90.48                     0     1014              2
1      208194   2019-04-16 02:46:00  3598014571045296               Rippin, Kub and Mann       misc_net    1.30    Lisa       Clark      F            07943 Davis River         Grimesland    NC  27837  35.5580 -77.2566      5903      Manufacturing systems engineer  1993-10-07  dbc0f31dd89656e218f6c5e2b5b79aef  1334544360  35.779919  -76.355942         0     2    1      4   26        85.02                    11     1001              2
2      855280   2019-12-16 09:47:08   377550167323848  Wintheiser, Dietrich and Schimmel       misc_pos   69.31   Kevin     Walters      M            87227 Tapia Burgs             Auburn    ME   4210  44.0948 -70.2390     23045  Tourist information centre manager  1958-09-02  d5005e1dc127318384cb11d2d98326af  1355651228  44.297518  -70.066888         0     9    0     12   61        26.39                     0     1036              2
3     1242357   2020-06-01 20:59:18     4745996322265                        Volkman Ltd       misc_net   91.84  Carrie  Washington      F  6114 Adams Harbor Suite 096  Kingsford Heights    IN  46346  41.4802 -86.6919      1423              Psychologist, forensic  1998-10-07  a6eb94a7555667efd7a9eec62c04d5f4  1370120358  40.752562  -86.263665         0    20    0      6   22        88.51                     0     2922              4
4      969341   2020-01-26 22:19:46   372520049757633                     Flatley-Durgan       misc_net  128.76    Lori     Ramirez      F         4293 Ramirez Squares             Ranier    MN  56668  48.6031 -93.2977       136                   Ceramics designer  2000-02-20  118bb1d6a34e86a606035c5f55c77234  1359238786  48.724125  -93.241552         0    22    6      1   20        14.07                     2     2973              4
[2024-04-17 13:39:24,939] 74 root - INFO - Test Dataframe Head  : 
   Unnamed: 0 trans_date_trans_time               cc_num              merchant        category     amt     first       last gender                         street         city state    zip      lat      long  city_pop                            job         dob                         trans_num   unix_time  merch_lat  merch_long  is_fraud  hour  day  month  age  distance_km  hours_diff_bet_trans  cc_freq  cc_freq_class
0      649168   2019-10-03 18:14:14     4979422371139333  Haley, Batz and Auer  health_fitness   59.97     Kelly  Zimmerman      F              1893 Katie Tunnel  Westerville    NE  68881  41.4193  -99.3844        73               Product designer  1935-02-10  29660793e5ad40b37a640e19762021f7  1349288054  40.432856  -98.612322         0    18    3     10   84       127.43                    14     2050              3
1      732503   2019-11-09 14:00:28     2254799658404120       Reilly and Sons  health_fitness  116.29   Barbara     Nelson      F  7337 Browning Falls Suite 027     Valdosta    GA  31605  30.9460  -83.2474     94325       Educational psychologist  1987-09-08  998ffae1d6dea75673d3ed69a8e6f5c3  1352469628  31.863227  -83.210227         0    14    5     11   32       102.05                    12     1522              2
2      982352   2020-02-03 10:43:47        4195740185974            Herman Inc        misc_pos  376.50  Benjamin   Robinson      M                0701 John Ranch     Portland    OR  97210  45.5303 -122.7033    841711    Engineer, building services  1963-04-04  1ad2a86bf36f55bcca6b1756204e9f2e  1359888227  45.199239 -122.941652         0    10    0      2   57        41.25                     0     1023              2
3      293860   2019-05-24 19:14:32  4906628655840914250        Hoppe-Parisian       kids_pets    7.32   Charles     Moreno      M  838 Franklin Prairie Apt. 902     Key West    FL  33040  24.6557  -81.3824     32891                   Town planner  1987-02-13  110a3b89bc017f40241e53d821eab595  1337886872  24.002604  -80.727494         0    19    4      5   32        98.37                    25     2584              4
4      638295   2019-09-28 23:51:09       30546453310167       Kozey-McDermott          travel    1.82  Nicholas       Tran      M     672 Randall Burg Suite 551      Belmont    NH   3220  43.4512  -71.4890      7430  Scientist, research (medical)  1955-01-13  f7082f62b22cdb685afa0e02c8c203ca  1348876269  42.976401  -70.981435         0    23    5      9   64        66.93                     6     1000              2
[2024-04-17 13:39:24,939] 76 root - INFO - Obtaining preprocessing object
[2024-04-17 13:39:24,939] 28 root - INFO - Data Transformation initiated
[2024-04-17 13:39:24,939] 33 root - INFO - Pipeline Initiated
[2024-04-17 13:39:25,206] 89 root - INFO - Train Dataframe Head after Feature Engineering: 
   cc_freq  cc_freq_class               city                                 job  age gender                           merchant       category  distance_km  month  day  hour  hours_diff_bet_trans     amt
0     1014              2         Churubusco       Research officer, trade union   33      M           Hoppe, Harris and Bednar  entertainment        90.48      9    1    17                     0   13.75
1     1001              2         Grimesland      Manufacturing systems engineer   26      F               Rippin, Kub and Mann       misc_net        85.02      4    1     2                    11    1.30
2     1036              2             Auburn  Tourist information centre manager   61      M  Wintheiser, Dietrich and Schimmel       misc_pos        26.39     12    0     9                     0   69.31
3     2922              4  Kingsford Heights              Psychologist, forensic   22      F                        Volkman Ltd       misc_net        88.51      6    0    20                     0   91.84
4     2973              4             Ranier                   Ceramics designer   20      F                     Flatley-Durgan       misc_net        14.07      1    6    22                     2  128.76
[2024-04-17 13:39:25,222] 93 root - INFO - Test Dataframe Head after Feature Engineering: 
   cc_freq  cc_freq_class         city                            job  age gender              merchant        category  distance_km  month  day  hour  hours_diff_bet_trans     amt
0     2050              3  Westerville               Product designer   84      F  Haley, Batz and Auer  health_fitness       127.43     10    3    18                    14   59.97
1     1522              2     Valdosta       Educational psychologist   32      F       Reilly and Sons  health_fitness       102.05     11    5    14                    12  116.29
2     1023              2     Portland    Engineer, building services   57      M            Herman Inc        misc_pos        41.25      2    0    10                     0  376.50
3     2584              4     Key West                   Town planner   32      M        Hoppe-Parisian       kids_pets        98.37      5    4    19                    25    7.32
4     1000              2      Belmont  Scientist, research (medical)   64      M       Kozey-McDermott          travel        66.93      9    5    23                     6    1.82
[2024-04-17 13:39:28,584] 109 root - INFO - Applying preprocessing object on training and testing datasets.
[2024-04-17 13:39:28,943] 145 root - INFO - Preprocessor pickle file saved
[2024-04-17 13:39:29,048] 26 root - INFO - Seggregating the dependent and independent variables
[2024-04-17 13:39:29,048] 55 root - INFO - Error occured during model training
