[2024-04-17 16:48:07,031] 96 werkzeug - INFO - [31m[1mWARNING: This is a development server. Do not use it in a production deployment. Use a production WSGI server instead.[0m
 * Running on all addresses (0.0.0.0)
 * Running on http://127.0.0.1:5000
 * Running on http://192.168.135.69:5000
[2024-04-17 16:48:07,031] 96 werkzeug - INFO - [33mPress CTRL+C to quit[0m
[2024-04-17 16:48:07,031] 96 werkzeug - INFO -  * Restarting with stat
[2024-04-17 16:53:46,701] 96 werkzeug - INFO -  * Restarting with stat
[2024-04-17 16:54:02,127] 96 werkzeug - INFO -  * Restarting with stat
[2024-04-17 16:54:08,459] 96 werkzeug - INFO -  * Restarting with stat
[2024-04-17 16:54:22,522] 96 werkzeug - INFO -  * Restarting with stat
[2024-04-17 16:54:44,330] 96 werkzeug - INFO -  * Restarting with stat
[2024-04-17 16:54:50,427] 96 werkzeug - INFO -  * Restarting with stat
[2024-04-17 16:54:56,302] 96 werkzeug - INFO -  * Restarting with stat
[2024-04-17 16:55:02,103] 96 werkzeug - INFO -  * Restarting with stat
[2024-04-17 16:55:18,390] 96 werkzeug - INFO -  * Restarting with stat
[2024-04-17 16:56:04,826] 96 werkzeug - INFO -  * Restarting with stat
[2024-04-17 16:56:15,294] 96 werkzeug - INFO -  * Restarting with stat
[2024-04-17 16:56:36,226] 96 werkzeug - INFO -  * Restarting with stat
[2024-04-17 16:56:44,926] 96 werkzeug - INFO -  * Restarting with stat
[2024-04-17 16:56:53,383] 96 werkzeug - INFO -  * Restarting with stat
[2024-04-17 16:57:32,274] 96 werkzeug - INFO -  * Restarting with stat
