[2024-04-17 17:10:14,838] 26 root - INFO - Data Ingestion methods Starts
[2024-04-17 17:10:21,992] 29 root - INFO - Dataset read as pandas Dataframe
[2024-04-17 17:10:36,825] 35 root - INFO - Train test split
[2024-04-17 17:10:54,814] 41 root - INFO - Ingestion of Data is completed
[2024-04-17 17:10:54,829] 42 root - INFO - Dataframe Head : 
   Unnamed: 0 trans_date_trans_time            cc_num                            merchant       category     amt      first     last gender                        street            city state    zip      lat      long  city_pop                                job         dob                         trans_num   unix_time  merch_lat  merch_long  is_fraud
0           0   2019-01-01 00:00:18  2703186189652095          fraud_Rippin, Kub and Mann       misc_net    4.97   Jennifer    Banks      F                561 Perry Cove  Moravian Falls    NC  28654  36.0788  -81.1781      3495          Psychologist, counselling  1988-03-09  0b242abb623afc578575680df30655b9  1325376018  36.011293  -82.048315         0
1           1   2019-01-01 00:00:44      630423337322     fraud_Heller, Gutmann and Zieme    grocery_pos  107.23  Stephanie     Gill      F  43039 Riley Greens Suite 393          Orient    WA  99160  48.8878 -118.2105       149  Special educational needs teacher  1978-06-21  1f76529f8574734946361c461b024d99  1325376044  49.159047 -118.186462         0
2           2   2019-01-01 00:00:51    38859492057661                fraud_Lind-Buckridge  entertainment  220.11     Edward  Sanchez      M      594 White Dale Suite 530      Malad City    ID  83252  42.1808 -112.2620      4154        Nature conservation officer  1962-01-19  a1a22d70485983eac12b5b88dad1cf95  1325376051  43.150704 -112.154481         0
3           3   2019-01-01 00:01:16  3534093764340240  fraud_Kutch, Hermiston and Farrell  gas_transport   45.00     Jeremy    White      M   9443 Cynthia Court Apt. 038         Boulder    MT  59632  46.2306 -112.1138      1939                    Patent attorney  1967-01-12  6b849c168bdad6f867558c3793159a81  1325376076  47.034331 -112.561071         0
4           4   2019-01-01 00:03:06   375534208663984                 fraud_Keeling-Crist       misc_pos   41.96      Tyler   Garcia      M              408 Bradley Rest        Doe Hill    VA  24433  38.4207  -79.4629        99     Dance movement psychotherapist  1986-03-28  a41d7549acf90789359a9aa5346dcb46  1325376186  38.674999  -78.632459         0
[2024-04-17 17:11:00,122] 74 root - INFO - Read train and test data completed
[2024-04-17 17:12:02,764] 147 root - INFO - Obtaining preprocessing object
[2024-04-17 17:12:02,764] 30 root - INFO - Data Transformation initiated
[2024-04-17 17:12:02,764] 35 root - INFO - Pipeline Initiated
[2024-04-17 17:12:03,125] 160 root - INFO - Train Dataframe Head after Feature Engineering: 
        cc_freq  cc_freq_class           city                          job  age gender       merchant       category  distance_km  month  day  hour  hours_diff_bet_trans    amt
150903     1061              2  Fort Washakie  Information systems manager   33      F      Berge LLC  gas_transport       110.31      1    2     8                     0  52.94
271522     1061              2  Fort Washakie  Information systems manager   33      F  Daugherty LLC      kids_pets        87.20      1    2    12                     3  34.79
794041     1061              2  Fort Washakie  Information systems manager   33      F  Stamm-Witting   shopping_net        69.99      1    3    13                    25   6.87
415589     1061              2  Fort Washakie  Information systems manager   33      F   Conroy-Emard    food_dining        26.10      1    3    17                     3   8.43
736527     1061              2  Fort Washakie  Information systems manager   33      F  Monahan-Morar  personal_care        66.30      1    4    21                    28  26.74
[2024-04-17 17:12:03,156] 164 root - INFO - Test Dataframe Head after Feature Engineering: 
        cc_freq  cc_freq_class           city                          job  age gender                     merchant       category  distance_km  month  day  hour  hours_diff_bet_trans     amt
136555      457              1  Fort Washakie  Information systems manager   33      F  Jones, Sawayn and Romaguera       misc_net       127.61      1    1    12                     0    7.27
351169      457              1  Fort Washakie  Information systems manager   33      F                 Luettgen PLC  gas_transport        21.79      1    2     8                    20   82.08
87240       457              1  Fort Washakie  Information systems manager   33      F               Beier and Sons           home        74.21      1    2    13                     4   27.18
268158      457              1  Fort Washakie  Information systems manager   33      F                  Pollich LLC           home        59.38      1    4    13                    48  117.11
56870       457              1  Fort Washakie  Information systems manager   33      F                  Labadie LLC  personal_care        14.21      1    5    21                    31    4.98
[2024-04-17 17:12:07,365] 171 root - INFO - Applying preprocessing object on training and testing datasets.
[2024-04-17 17:12:07,624] 202 root - INFO - Preprocessor pickle file saved
[2024-04-17 17:12:07,868] 27 root - INFO - Seggregating the dependent and independent variables
[2024-04-17 17:13:08,638] 44 root - INFO - Model Report: {'Logistic Regression': 0.9946041547237425, 'Decision Tree': 0.9251882376228461}
[2024-04-17 17:13:08,648] 55 root - INFO - The best model is Logistic Regression, with Accuracy Score: 0.9946041547237425
